\BOOKMARK [1][-]{section.1}{\376\377\000W\000s\000t\001\031\000p}{}% 1
\BOOKMARK [2][-]{subsection.1.1}{\376\377\000M\000o\000t\000y\000w\000a\000c\000j\000a}{section.1}% 2
\BOOKMARK [2][-]{subsection.1.2}{\376\377\000C\000e\000l\000\040\000p\000r\000a\000c\000y}{section.1}% 3
\BOOKMARK [2][-]{subsection.1.3}{\376\377\000C\000h\000a\000r\000a\000k\000t\000e\000r\000y\000s\000t\000y\000k\000a\000\040\000p\000r\000o\000b\000l\000e\000m\000u}{section.1}% 4
\BOOKMARK [2][-]{subsection.1.4}{\376\377\000P\000r\000z\000e\000g\000l\001\005\000d\000\040\000p\000o\000d\000o\000b\000n\000y\000c\000h\000\040\000r\000o\000z\000w\000i\001\005\000z\000a\001\104}{section.1}% 5
\BOOKMARK [2][-]{subsection.1.5}{\376\377\000S\000t\000r\000u\000k\000t\000u\000r\000a\000\040\000p\000r\000a\000c\000y}{section.1}% 6
\BOOKMARK [1][-]{section.2}{\376\377\000T\000e\000c\000h\000n\000i\000k\000i\000\040\000t\000w\000o\000r\000z\000e\000n\000i\000a\000\040\000s\000k\000a\000l\000o\000w\000a\000l\000n\000y\000c\000h\000\040\000a\000p\000l\000i\000k\000a\000c\000j\000i\000\040\000w\000e\000b\000o\000w\000y\000c\000h}{}% 7
\BOOKMARK [2][-]{subsection.2.1}{\376\377\000A\000r\000c\000h\000i\000t\000e\000k\000t\000u\000r\000a\000\040\000m\000i\000k\000r\000o\000s\000e\000r\000w\000i\000s\000o\000w\000a}{section.2}% 8
\BOOKMARK [2][-]{subsection.2.2}{\376\377\000S\000k\000a\000l\000o\000w\000a\000l\000n\000o\001\133\001\007}{section.2}% 9
\BOOKMARK [2][-]{subsection.2.3}{\376\377\000A\000r\000c\000h\000i\000t\000e\000k\000t\000u\000r\000a\000\040\000z\000o\000r\000i\000e\000n\000t\000o\000w\000a\000n\000a\000\040\000n\000a\000\040\000z\000d\000a\000r\000z\000e\000n\000i\000a}{section.2}% 10
\BOOKMARK [2][-]{subsection.2.4}{\376\377\000P\000r\000o\000j\000e\000k\000t\000o\000w\000a\000n\000i\000e\000\040\000z\000o\000r\000i\000e\000n\000t\000o\000w\000a\000n\000e\000\040\000n\000a\000\040\000d\000z\000i\000e\000d\000z\000i\000n\001\031}{section.2}% 11
\BOOKMARK [2][-]{subsection.2.5}{\376\377\000S\000e\000p\000a\000r\000a\000c\000j\000a\000\040\000o\000d\000p\000o\000w\000i\000e\000d\000z\000i\000a\000l\000n\000o\001\133\000c\000i\000\040\000k\000o\000m\000e\000n\000d\000\040\000i\000\040\000z\000a\000p\000y\000t\000a\001\104}{section.2}% 12
\BOOKMARK [2][-]{subsection.2.6}{\376\377\000E\000v\000e\000n\000t\000\040\000S\000o\000u\000r\000c\000i\000n\000g}{section.2}% 13
\BOOKMARK [2][-]{subsection.2.7}{\376\377\000W\000z\000o\000r\000z\000e\000c\000\040\000S\000a\000g\000a}{section.2}% 14
\BOOKMARK [1][-]{section.3}{\376\377\000A\000n\000a\000l\000i\000z\000a\000\040\000w\000y\000m\000a\000g\000a\001\104\000\040\000s\000y\000s\000t\000e\000m\000u}{}% 15
\BOOKMARK [2][-]{subsection.3.1}{\376\377\000S\001\102\000o\000w\000n\000i\000k\000\040\000d\000z\000i\000e\000d\000z\000i\000n\000y\000\040\000p\000r\000o\000b\000l\000e\000m\000u}{section.3}% 16
\BOOKMARK [2][-]{subsection.3.2}{\376\377\000B\000u\000r\000z\000a\000\040\000Z\000d\000a\000r\000z\000e\001\104}{section.3}% 17
\BOOKMARK [2][-]{subsection.3.3}{\376\377\000I\000d\000e\000n\000t\000y\000f\000i\000k\000a\000c\000j\000a\000\040\000O\000g\000r\000a\000n\000i\000c\000z\000o\000n\000y\000c\000h\000\040\000K\000o\000n\000t\000e\000k\000s\000t\000\363\000w}{section.3}% 18
\BOOKMARK [2][-]{subsection.3.4}{\376\377\000W\000y\000m\000a\000g\000a\000n\000i\000a\000\040\000f\000u\000n\000k\000c\000j\000o\000n\000a\000l\000n\000e}{section.3}% 19
\BOOKMARK [2][-]{subsection.3.5}{\376\377\000W\000y\000m\000a\000g\000a\000n\000i\000a\000\040\000n\000i\000e\000f\000u\000n\000k\000c\000j\000o\000n\000a\000l\000n\000e}{section.3}% 20
\BOOKMARK [1][-]{section.4}{\376\377\000A\000r\000c\000h\000i\000t\000e\000k\000t\000u\000r\000a\000\040\000s\000y\000s\000t\000e\000m\000u}{}% 21
\BOOKMARK [2][-]{subsection.4.1}{\376\377\000P\000o\000d\000z\000i\000a\001\102\000\040\000n\000a\000\040\000m\000i\000k\000r\000o\000s\000e\000r\000w\000i\000s\000y}{section.4}% 22
\BOOKMARK [2][-]{subsection.4.2}{\376\377\000M\000o\000d\000e\000l\000\040\000C\0004\000\040\000s\000y\000s\000t\000e\000m\000u}{section.4}% 23
\BOOKMARK [2][-]{subsection.4.3}{\376\377\000P\000r\000o\000t\000o\000k\000o\001\102\000y\000\040\000i\000\040\000f\000o\000r\000m\000a\000t\000y\000\040\000k\000o\000m\000u\000n\000i\000k\000a\000c\000j\000i}{section.4}% 24
\BOOKMARK [2][-]{subsection.4.4}{\376\377\000P\000e\000r\000s\000y\000s\000t\000e\000n\000c\000j\000a\000\040\000d\000a\000n\000y\000c\000h\000\040\000i\000\040\000m\000a\000g\000a\000z\000y\000n\000\040\000z\000d\000a\000r\000z\000e\001\104}{section.4}% 25
\BOOKMARK [2][-]{subsection.4.5}{\376\377\000K\000o\000l\000e\000j\000k\000a\000\040\000k\000o\000m\000u\000n\000i\000k\000a\000t\000\363\000w}{section.4}% 26
\BOOKMARK [2][-]{subsection.4.6}{\376\377\000U\000w\000i\000e\000r\000z\000y\000t\000e\000l\000n\000i\000a\000n\000i\000e\000\040\000i\000\040\000a\000u\000t\000o\000r\000y\000z\000a\000c\000j\000a}{section.4}% 27
\BOOKMARK [2][-]{subsection.4.7}{\376\377\000I\000n\000t\000e\000g\000r\000a\000c\000j\000e\000\040\000z\000e\000w\000n\001\031\000t\000r\000z\000n\000e}{section.4}% 28
\BOOKMARK [1][-]{section.5}{\376\377\000I\000m\000p\000l\000e\000m\000e\000n\000t\000a\000c\000j\000a}{}% 29
\BOOKMARK [2][-]{subsection.5.1}{\376\377\000C\000z\001\031\001\133\001\007\000\040\000s\000e\000r\000w\000e\000r\000o\000w\000a}{section.5}% 30
\BOOKMARK [3][-]{subsubsection.5.1.1}{\376\377\000U\001\174\000y\000t\000e\000\040\000n\000a\000r\000z\001\031\000d\000z\000i\000a}{subsection.5.1}% 31
\BOOKMARK [3][-]{subsubsection.5.1.2}{\376\377\000A\000r\000c\000h\000i\000t\000e\000k\000t\000u\000r\000a\000\040\000h\000e\000k\000s\000a\000g\000o\000n\000a\000l\000n\000a}{subsection.5.1}% 32
\BOOKMARK [3][-]{subsubsection.5.1.3}{\376\377\000P\000o\000d\000z\000i\000a\001\102\000\040\000n\000a\000\040\000p\000a\000k\000i\000e\000t\000y}{subsection.5.1}% 33
\BOOKMARK [3][-]{subsubsection.5.1.4}{\376\377\000W\000a\000r\000s\000t\000w\000a\000\040\000a\000d\000a\000p\000t\000e\000r\000\363\000w\000\040\000w\000e\000j\001\133\000c\000i\000o\000w\000y\000c\000h}{subsection.5.1}% 34
\BOOKMARK [3][-]{subsubsection.5.1.5}{\376\377\000W\000a\000r\000s\000t\000w\000a\000\040\000a\000d\000a\000p\000t\000e\000r\000\363\000w\000\040\000w\000y\000j\001\133\000c\000i\000o\000w\000y\000c\000h}{subsection.5.1}% 35
\BOOKMARK [3][-]{subsubsection.5.1.6}{\376\377\000W\000a\000r\000s\000t\000w\000a\000\040\000d\000z\000i\000e\000d\000z\000i\000n\000y}{subsection.5.1}% 36
\BOOKMARK [3][-]{subsubsection.5.1.7}{\376\377\000W\000a\000r\000s\000t\000w\000a\000\040\000p\000r\000e\000z\000e\000n\000t\000a\000c\000j\000i\000/\000z\000a\000p\000y\000t\000a\001\104}{subsection.5.1}% 37
\BOOKMARK [3][-]{subsubsection.5.1.8}{\376\377\000W\000a\000r\000s\000t\000w\000a\000\040\000i\000n\000f\000r\000a\000s\000t\000r\000u\000k\000t\000u\000r\000y}{subsection.5.1}% 38
\BOOKMARK [3][-]{subsubsection.5.1.9}{\376\377\000W\000a\000r\000s\000t\000w\000a\000\040\000k\000o\000n\000f\000i\000g\000u\000r\000a\000c\000j\000i}{subsection.5.1}% 39
\BOOKMARK [3][-]{subsubsection.5.1.10}{\376\377\000W\000s\000p\000\363\001\102\000d\000z\000i\000e\000l\000o\000n\000y\000\040\000k\000o\000d}{subsection.5.1}% 40
\BOOKMARK [2][-]{subsection.5.2}{\376\377\000C\000z\001\031\001\133\001\007\000\040\000k\000l\000i\000e\000n\000c\000k\000a}{section.5}% 41
\BOOKMARK [3][-]{subsubsection.5.2.1}{\376\377\000U\001\174\000y\000t\000e\000\040\000n\000a\000r\000z\001\031\000d\000z\000i\000a}{subsection.5.2}% 42
\BOOKMARK [3][-]{subsubsection.5.2.2}{\376\377\000P\000o\000d\000z\000i\000a\001\102\000\040\000n\000a\000\040\000k\000a\000t\000a\000l\000o\000g\000i}{subsection.5.2}% 43
\BOOKMARK [3][-]{subsubsection.5.2.3}{\376\377\000K\000o\000m\000p\000o\000n\000e\000n\000t\000y\000\040\000i\000n\000t\000e\000r\000f\000e\000j\000s\000u\000\040\000u\001\174\000y\000t\000k\000o\000w\000n\000i\000k\000a}{subsection.5.2}% 44
\BOOKMARK [3][-]{subsubsection.5.2.4}{\376\377\000K\000o\000m\000u\000n\000i\000k\000a\000c\000j\000a\000\040\000z\000\040\000c\000z\001\031\001\133\000c\000i\001\005\000\040\000s\000e\000r\000w\000e\000r\000o\000w\001\005}{subsection.5.2}% 45
\BOOKMARK [3][-]{subsubsection.5.2.5}{\376\377\000O\000b\000s\001\102\000u\000g\000a\000\040\001\133\000c\000i\000e\001\174\000e\000k}{subsection.5.2}% 46
\BOOKMARK [3][-]{subsubsection.5.2.6}{\376\377\000W\000s\000p\000\363\001\102\000d\000z\000i\000e\000l\000o\000n\000y\000\040\000k\000o\000d}{subsection.5.2}% 47
\BOOKMARK [3][-]{subsubsection.5.2.7}{\376\377\000P\000r\000z\000e\000c\000h\000o\000w\000y\000w\000a\000n\000i\000e\000\040\000s\000t\000a\000n\000u\000\040\000a\000p\000l\000i\000k\000a\000c\000j\000i}{subsection.5.2}% 48
\BOOKMARK [1][-]{section.6}{\376\377\000W\000d\000r\000o\001\174\000e\000n\000i\000e}{}% 49
\BOOKMARK [2][-]{subsection.6.1}{\376\377\000C\000I\000/\000C\000D}{section.6}% 50
\BOOKMARK [2][-]{subsection.6.2}{\376\377\000R\000e\000p\000o\000z\000y\000t\000o\000r\000i\000u\000m\000\040\000a\000r\000t\000e\000f\000a\000k\000t\000\363\000w}{section.6}% 51
\BOOKMARK [2][-]{subsection.6.3}{\376\377\000K\000o\000n\000t\000e\000n\000e\000r\000y\000z\000a\000c\000j\000a}{section.6}% 52
\BOOKMARK [2][-]{subsection.6.4}{\376\377\000O\000r\000k\000i\000e\000s\000t\000r\000a\000c\000j\000a\000\040\000k\000o\000n\000t\000e\000n\000e\000r\000\363\000w}{section.6}% 53
\BOOKMARK [2][-]{subsection.6.5}{\376\377\000S\000k\000a\000l\000o\000w\000a\000n\000i\000e}{section.6}% 54
\BOOKMARK [2][-]{subsection.6.6}{\376\377\000C\000h\000m\000u\000r\000a\000\040\000G\000o\000o\000g\000l\000e\000\040\000C\000l\000o\000u\000d\000\040\000P\000l\000a\000t\000f\000o\000r\000m}{section.6}% 55
\BOOKMARK [2][-]{subsection.6.7}{\376\377\000M\000o\000n\000i\000t\000o\000r\000o\000w\000a\000n\000i\000e}{section.6}% 56
\BOOKMARK [1][-]{section.7}{\376\377\000T\000e\000s\000t\000o\000w\000a\000n\000i\000e\000\040\000s\000y\000s\000t\000e\000m\000u}{}% 57
\BOOKMARK [2][-]{subsection.7.1}{\376\377\000T\000e\000s\000t\000y\000\040\000j\000e\000d\000n\000o\000s\000t\000k\000o\000w\000e}{section.7}% 58
\BOOKMARK [2][-]{subsection.7.2}{\376\377\000T\000e\000s\000t\000y\000\040\000i\000n\000t\000e\000g\000r\000a\000c\000y\000j\000n\000e}{section.7}% 59
\BOOKMARK [2][-]{subsection.7.3}{\376\377\000T\000e\000s\000t\000y\000\040\000a\000k\000c\000e\000p\000t\000a\000c\000y\000j\000n\000e}{section.7}% 60
\BOOKMARK [2][-]{subsection.7.4}{\376\377\000T\000e\000s\000t\000y\000\040\000w\000y\000d\000a\000j\000n\000o\001\133\000c\000i\000o\000w\000e}{section.7}% 61
\BOOKMARK [1][-]{section.8}{\376\377\000P\000o\000d\000s\000u\000m\000o\000w\000a\000n\000i\000e}{}% 62
\BOOKMARK [2][-]{subsection.8.1}{\376\377\000W\000n\000i\000o\000s\000k\000i}{section.8}% 63
\BOOKMARK [2][-]{subsection.8.2}{\376\377\000S\000t\000o\000p\000i\000e\001\104\000\040\000r\000e\000a\000l\000i\000z\000a\000c\000j\000i\000\040\000z\000a\001\102\000o\001\174\000e\001\104}{section.8}% 64
\BOOKMARK [2][-]{subsection.8.3}{\376\377\000M\000o\001\174\000l\000i\000w\000o\001\133\000c\000i\000\040\000d\000a\000l\000s\000z\000e\000g\000o\000\040\000r\000o\000z\000w\000o\000j\000u}{section.8}% 65
\BOOKMARK [1][-]{section*.9}{\376\377\000B\000i\000b\000l\000i\000o\000g\000r\000a\000f\000i\000a}{}% 66
\BOOKMARK [1][-]{section*.9}{\376\377\000S\000p\000i\000s\000\040\000r\000y\000s\000u\000n\000k\000\363\000w}{}% 67
\BOOKMARK [1][-]{section*.9}{\376\377\000S\000p\000i\000s\000\040\000t\000a\000b\000e\000l}{}% 68
\BOOKMARK [1][-]{section*.10}{\376\377\000S\000p\000i\000s\000\040\000z\000a\001\102\001\005\000c\000z\000n\000i\000k\000\363\000w}{}% 69
\BOOKMARK [1][-]{section*.10}{\376\377\000S\000p\000i\000s\000\040\000w\000y\000c\000i\000n\000k\000\363\000w\000\040\000k\000o\000d\000u}{}% 70
